MainProcess pypet.storageservice.HDF5StorageService INFO     I will use the hdf5 file `/home/jdoelger/InfluenzaFitnessInference/results/simulations/2021Jun19_varN_pop_5.hdf5`.
MainProcess pypet.environment.Environment INFO     Environment initialized.
MainProcess root INFO     Starting Simulation
MainProcess pypet.environment.Environment INFO     I am preparing the Trajectory for the experiment and initialise the store.
MainProcess pypet.environment.Environment INFO     Initialising the storage for the trajectory.
MainProcess pypet.storageservice.HDF5StorageService INFO     Initialising storage or updating meta data of Trajectory `2021Jun19_varN_pop_5`.
MainProcess pypet.storageservice.HDF5StorageService INFO     Finished init or meta data update for `2021Jun19_varN_pop_5`.
MainProcess pypet.environment.Environment INFO     
************************************************************
STARTING runs of trajectory
`2021Jun19_varN_pop_5`.
************************************************************

MainProcess pypet INFO     PROGRESS: Finished 0/6 runs [                    ]  0.0%
MainProcess pypet INFO     
=========================================
 Starting single run #0 of 6 
=========================================

MainProcess pypet INFO     
=========================================
 Finished single run #0 of 6 
=========================================

MainProcess pypet INFO     PROGRESS: Finished 1/6 runs [===                 ] 16.7%, remaining: 0:00:30
MainProcess pypet INFO     
=========================================
 Starting single run #1 of 6 
=========================================

MainProcess pypet INFO     
=========================================
 Finished single run #1 of 6 
=========================================

MainProcess pypet INFO     PROGRESS: Finished 2/6 runs [======              ] 33.3%, remaining: 0:00:24
MainProcess pypet INFO     
=========================================
 Starting single run #2 of 6 
=========================================

MainProcess pypet INFO     
=========================================
 Finished single run #2 of 6 
=========================================

MainProcess pypet INFO     PROGRESS: Finished 3/6 runs [==========          ] 50.0%, remaining: 0:00:27
MainProcess pypet INFO     
=========================================
 Starting single run #3 of 6 
=========================================

slurmstepd: error: *** JOB 36709548 ON node101 CANCELLED AT 2021-06-19T13:51:37 DUE TO TIME LIMIT ***
