time until file creation:  0.00578761100769043
MainProcess pypet.storageservice.HDF5StorageService INFO     I will use the hdf5 file `/home/jdoelger/InfluenzaFitnessInference/results/simulations/2021Jun21_varN_site.hdf5`.
MainProcess pypet.environment.Environment INFO     Environment initialized.
MainProcess root INFO     Starting Simulation
MainProcess pypet.environment.Environment INFO     I am preparing the Trajectory for the experiment and initialise the store.
MainProcess pypet.environment.Environment INFO     Initialising the storage for the trajectory.
MainProcess pypet.storageservice.HDF5StorageService INFO     Initialising storage or updating meta data of Trajectory `2021Jun21_varN_site`.
MainProcess pypet.storageservice.HDF5StorageService INFO     Finished init or meta data update for `2021Jun21_varN_site`.
MainProcess pypet.environment.Environment INFO     
************************************************************
STARTING runs of trajectory
`2021Jun21_varN_site`.
************************************************************

MainProcess pypet INFO     PROGRESS: Finished 0/6 runs [                    ]  0.0%
MainProcess pypet INFO     
=========================================
 Starting single run #0 of 6 
=========================================

MainProcess pypet INFO     
=========================================
 Finished single run #0 of 6 
=========================================

MainProcess pypet INFO     PROGRESS: Finished 1/6 runs [===                 ] 16.7%, remaining: 0:06:50
MainProcess pypet INFO     
=========================================
 Starting single run #1 of 6 
=========================================

MainProcess pypet INFO     
=========================================
 Finished single run #1 of 6 
=========================================

MainProcess pypet INFO     PROGRESS: Finished 2/6 runs [======              ] 33.3%, remaining: 0:09:03
MainProcess pypet INFO     
=========================================
 Starting single run #2 of 6 
=========================================

MainProcess pypet INFO     
=========================================
 Finished single run #2 of 6 
=========================================

MainProcess pypet INFO     PROGRESS: Finished 3/6 runs [==========          ] 50.0%, remaining: 0:11:03
MainProcess pypet INFO     
=========================================
 Starting single run #3 of 6 
=========================================

MainProcess pypet INFO     
=========================================
 Finished single run #3 of 6 
=========================================

MainProcess pypet INFO     PROGRESS: Finished 4/6 runs [=============       ] 66.7%, remaining: 0:10:42
MainProcess pypet INFO     
=========================================
 Starting single run #4 of 6 
=========================================

MainProcess pypet INFO     
=========================================
 Finished single run #4 of 6 
=========================================

MainProcess pypet INFO     PROGRESS: Finished 5/6 runs [================    ] 83.3%, remaining: 0:08:36
MainProcess pypet INFO     
=========================================
 Starting single run #5 of 6 
=========================================

MainProcess pypet INFO     
=========================================
 Finished single run #5 of 6 
=========================================

MainProcess pypet INFO     PROGRESS: Finished 6/6 runs [====================]100.0%
MainProcess pypet.storageservice.HDF5StorageService INFO     Initialising storage or updating meta data of Trajectory `2021Jun21_varN_site`.
MainProcess pypet.storageservice.HDF5StorageService INFO     Finished init or meta data update for `2021Jun21_varN_site`.
MainProcess pypet.environment.Environment INFO     
************************************************************
FINISHED all runs of trajectory
`2021Jun21_varN_site`.
************************************************************

MainProcess pypet.environment.Environment INFO     
************************************************************
STARTING FINAL STORING of trajectory
`2021Jun21_varN_site`
************************************************************

MainProcess pypet.storageservice.HDF5StorageService INFO     Start storing Trajectory `2021Jun21_varN_site`.
MainProcess pypet.storageservice.HDF5StorageService INFO     Storing branch `config`.
MainProcess pypet.storageservice.HDF5StorageService INFO     Storing branch `parameters`.
MainProcess pypet.storageservice.HDF5StorageService INFO     Finished storing Trajectory `2021Jun21_varN_site`.
MainProcess pypet.environment.Environment INFO     
************************************************************
FINISHED FINAL STORING of trajectory
`2021Jun21_varN_site`.
************************************************************

MainProcess pypet.environment.Environment INFO     All runs of trajectory `2021Jun21_varN_site` were completed successfully.
